<?xml version="1.0" encoding="UTF-8"?>
<!-- Generated by org.testng.reporters.JUnitXMLReporter -->
<testsuite ignored="1" hostname="QQSPLOXLTP0061" failures="0" tests="14" name="Default test" time="138.289" errors="0" timestamp="2023-03-20T19:23:43 IST">
  <testcase classname="com.capitol.WebQAautomation.tests.RunnerClass" name="navigate" time="4.209"/>
  <testcase classname="com.capitol.WebQAautomation.tests.RunnerClass" name="invalidcred" time="12.805"/>
  <testcase classname="com.capitol.WebQAautomation.tests.RunnerClass" name="validCred" time="9.608"/>
  <testcase classname="com.capitol.WebQAautomation.tests.RunnerClass" name="selectproducts" time="12.544"/>
  <testcase classname="com.capitol.WebQAautomation.tests.RunnerClass" name="selectProductQuantity" time="15.689"/>
  <testcase classname="com.capitol.WebQAautomation.tests.RunnerClass" name="provideaddress" time="22.905"/>
  <testcase classname="com.capitol.WebQAautomation.tests.RunnerClass" name="proceedToPayment" time="3.12"/>
  <testcase classname="com.capitol.WebQAautomation.tests.RunnerClass" name="addCardDetails" time="14.736"/>
  <testcase classname="com.capitol.WebQAautomation.tests.RunnerClass" name="validatePaymentSuccessful" time="10.249"/>
  <testcase classname="com.capitol.WebQAautomation.tests.RunnerClass" name="SwitchToParentWindow" time="3.101"/>
  <testcase classname="com.capitol.WebQAautomation.tests.RunnerClass" name="NavigatetoProfile" time="13.245"/>
  <testcase classname="com.capitol.WebQAautomation.tests.RunnerClass" name="modifyUser" time="1.55"/>
  <testcase classname="com.capitol.WebQAautomation.tests.RunnerClass" name="logout" time="4.15"/>
  <testcase classname="com.capitol.WebQAautomation.tests.RunnerClass" name="loginwithModifiedpassword" time="10.042"/>
  <testcase classname="com.capitol.WebQAautomation.tests.RunnerClass" name="reLaunch" time="0.0">
    <ignored/>
  </testcase> <!-- reLaunch -->
</testsuite> <!-- Default test -->
