<?xml version="1.0" encoding="UTF-8"?>
<!-- Generated by org.testng.reporters.JUnitXMLReporter -->
<testsuite ignored="2" hostname="QQSPLOXLTP0061" failures="0" tests="10" name="Basic Calculation Test" time="92.193" errors="0" timestamp="2023-02-23T14:57:01 IST">
  <testcase classname="com.capitol.WebQAautomation.tests.RunScripts" name="navigate" time="5.804"/>
  <testcase classname="com.capitol.WebQAautomation.tests.RunScripts" name="validCred" time="9.301"/>
  <testcase classname="com.capitol.WebQAautomation.tests.RunScripts" name="selectproducts" time="12.35"/>
  <testcase classname="com.capitol.WebQAautomation.tests.RunScripts" name="selectProductQuantity" time="15.371"/>
  <testcase classname="com.capitol.WebQAautomation.tests.RunScripts" name="provideaddress" time="21.954"/>
  <testcase classname="com.capitol.WebQAautomation.tests.RunScripts" name="proceedToPayment" time="3.081"/>
  <testcase classname="com.capitol.WebQAautomation.tests.RunScripts" name="addCardDetails" time="13.93"/>
  <testcase classname="com.capitol.WebQAautomation.tests.RunScripts" name="validatePaymentSuccessful" time="10.151"/>
  <testcase classname="com.capitol.WebQAautomation.tests.RunScripts" name="SwitchToParentWindow" time="0.036"/>
  <testcase classname="com.capitol.WebQAautomation.tests.RunScripts" name="NavigatetoProfile" time="0.007"/>
  <testcase classname="com.capitol.WebQAautomation.tests.RunScripts" name="reLaunch" time="0.0">
    <ignored/>
  </testcase> <!-- reLaunch -->
  <testcase classname="com.capitol.WebQAautomation.tests.RunScripts" name="invalidcred" time="0.0">
    <ignored/>
  </testcase> <!-- invalidcred -->
</testsuite> <!-- Basic Calculation Test -->
