<?xml version="1.0" encoding="UTF-8"?>
<!-- Generated by org.testng.reporters.JUnitXMLReporter -->
<testsuite ignored="0" hostname="QQSPLOXLTP0061" failures="0" tests="4" name="Basic Calculation Test" time="28.19" errors="0" timestamp="2023-02-13T16:37:00 IST">
  <testcase classname="com.capitol.WebQAautomation.tests.LoginTest" name="navigate" time="5.817"/>
  <testcase classname="com.capitol.WebQAautomation.tests.LoginTest" name="invalidcred" time="12.686"/>
  <testcase classname="com.capitol.WebQAautomation.tests.LoginTest" name="reLaunch" time="3.104"/>
  <testcase classname="com.capitol.WebQAautomation.tests.LoginTest" name="validCred" time="6.387"/>
</testsuite> <!-- Basic Calculation Test -->
